<?xml version="1.0" encoding="UTF-8"?>
<testsuite xmlns:xsi="http://www.w3.org/2001/XMLSchema-instance" xsi:noNamespaceSchemaLocation="https://maven.apache.org/surefire/maven-surefire-plugin/xsd/surefire-test-report.xsd" name="pro.thanhnc.DemoSpringBootApplicationTests" time="2.616" tests="1" errors="0" skipped="0" failures="0">
  <properties>
    <property name="gopherProxySet" value="false"/>
    <property name="awt.toolkit" value="sun.lwawt.macosx.LWCToolkit"/>
    <property name="java.specification.version" value="10"/>
    <property name="file.encoding.pkg" value="sun.io"/>
    <property name="sun.cpu.isalist" value=""/>
    <property name="sun.jnu.encoding" value="UTF-8"/>
    <property name="java.class.path" value="/Volumes/P0-PROGRAM/05.STUDY/05.OpenShift/workspace/demo-spring-boot/target/test-classes:/Volumes/P0-PROGRAM/05.STUDY/05.OpenShift/workspace/demo-spring-boot/target/classes:/Volumes/P0-PROGRAM/00-JAVA-TOOL/03-repository/org/springframework/boot/spring-boot-starter-web-services/2.0.4.RELEASE/spring-boot-starter-web-services-2.0.4.RELEASE.jar:/Volumes/P0-PROGRAM/00-JAVA-TOOL/03-repository/org/springframework/boot/spring-boot-starter/2.0.4.RELEASE/spring-boot-starter-2.0.4.RELEASE.jar:/Volumes/P0-PROGRAM/00-JAVA-TOOL/03-repository/org/springframework/boot/spring-boot/2.0.4.RELEASE/spring-boot-2.0.4.RELEASE.jar:/Volumes/P0-PROGRAM/00-JAVA-TOOL/03-repository/org/springframework/spring-context/5.0.8.RELEASE/spring-context-5.0.8.RELEASE.jar:/Volumes/P0-PROGRAM/00-JAVA-TOOL/03-repository/org/springframework/boot/spring-boot-autoconfigure/2.0.4.RELEASE/spring-boot-autoconfigure-2.0.4.RELEASE.jar:/Volumes/P0-PROGRAM/00-JAVA-TOOL/03-repository/org/springframework/boot/spring-boot-starter-logging/2.0.4.RELEASE/spring-boot-starter-logging-2.0.4.RELEASE.jar:/Volumes/P0-PROGRAM/00-JAVA-TOOL/03-repository/ch/qos/logback/logback-classic/1.2.3/logback-classic-1.2.3.jar:/Volumes/P0-PROGRAM/00-JAVA-TOOL/03-repository/ch/qos/logback/logback-core/1.2.3/logback-core-1.2.3.jar:/Volumes/P0-PROGRAM/00-JAVA-TOOL/03-repository/org/apache/logging/log4j/log4j-to-slf4j/2.10.0/log4j-to-slf4j-2.10.0.jar:/Volumes/P0-PROGRAM/00-JAVA-TOOL/03-repository/org/apache/logging/log4j/log4j-api/2.10.0/log4j-api-2.10.0.jar:/Volumes/P0-PROGRAM/00-JAVA-TOOL/03-repository/org/slf4j/jul-to-slf4j/1.7.25/jul-to-slf4j-1.7.25.jar:/Volumes/P0-PROGRAM/00-JAVA-TOOL/03-repository/javax/annotation/javax.annotation-api/1.3.2/javax.annotation-api-1.3.2.jar:/Volumes/P0-PROGRAM/00-JAVA-TOOL/03-repository/org/yaml/snakeyaml/1.19/snakeyaml-1.19.jar:/Volumes/P0-PROGRAM/00-JAVA-TOOL/03-repository/org/springframework/boot/spring-boot-starter-web/2.0.4.RELEASE/spring-boot-starter-web-2.0.4.RELEASE.jar:/Volumes/P0-PROGRAM/00-JAVA-TOOL/03-repository/org/springframework/boot/spring-boot-starter-json/2.0.4.RELEASE/spring-boot-starter-json-2.0.4.RELEASE.jar:/Volumes/P0-PROGRAM/00-JAVA-TOOL/03-repository/com/fasterxml/jackson/core/jackson-databind/2.9.6/jackson-databind-2.9.6.jar:/Volumes/P0-PROGRAM/00-JAVA-TOOL/03-repository/com/fasterxml/jackson/core/jackson-annotations/2.9.0/jackson-annotations-2.9.0.jar:/Volumes/P0-PROGRAM/00-JAVA-TOOL/03-repository/com/fasterxml/jackson/core/jackson-core/2.9.6/jackson-core-2.9.6.jar:/Volumes/P0-PROGRAM/00-JAVA-TOOL/03-repository/com/fasterxml/jackson/datatype/jackson-datatype-jdk8/2.9.6/jackson-datatype-jdk8-2.9.6.jar:/Volumes/P0-PROGRAM/00-JAVA-TOOL/03-repository/com/fasterxml/jackson/datatype/jackson-datatype-jsr310/2.9.6/jackson-datatype-jsr310-2.9.6.jar:/Volumes/P0-PROGRAM/00-JAVA-TOOL/03-repository/com/fasterxml/jackson/module/jackson-module-parameter-names/2.9.6/jackson-module-parameter-names-2.9.6.jar:/Volumes/P0-PROGRAM/00-JAVA-TOOL/03-repository/org/springframework/boot/spring-boot-starter-tomcat/2.0.4.RELEASE/spring-boot-starter-tomcat-2.0.4.RELEASE.jar:/Volumes/P0-PROGRAM/00-JAVA-TOOL/03-repository/org/apache/tomcat/embed/tomcat-embed-core/8.5.32/tomcat-embed-core-8.5.32.jar:/Volumes/P0-PROGRAM/00-JAVA-TOOL/03-repository/org/apache/tomcat/embed/tomcat-embed-el/8.5.32/tomcat-embed-el-8.5.32.jar:/Volumes/P0-PROGRAM/00-JAVA-TOOL/03-repository/org/apache/tomcat/embed/tomcat-embed-websocket/8.5.32/tomcat-embed-websocket-8.5.32.jar:/Volumes/P0-PROGRAM/00-JAVA-TOOL/03-repository/org/hibernate/validator/hibernate-validator/6.0.11.Final/hibernate-validator-6.0.11.Final.jar:/Volumes/P0-PROGRAM/00-JAVA-TOOL/03-repository/javax/validation/validation-api/2.0.1.Final/validation-api-2.0.1.Final.jar:/Volumes/P0-PROGRAM/00-JAVA-TOOL/03-repository/org/jboss/logging/jboss-logging/3.3.2.Final/jboss-logging-3.3.2.Final.jar:/Volumes/P0-PROGRAM/00-JAVA-TOOL/03-repository/com/fasterxml/classmate/1.3.4/classmate-1.3.4.jar:/Volumes/P0-PROGRAM/00-JAVA-TOOL/03-repository/org/springframework/spring-web/5.0.8.RELEASE/spring-web-5.0.8.RELEASE.jar:/Volumes/P0-PROGRAM/00-JAVA-TOOL/03-repository/org/springframework/spring-webmvc/5.0.8.RELEASE/spring-webmvc-5.0.8.RELEASE.jar:/Volumes/P0-PROGRAM/00-JAVA-TOOL/03-repository/org/springframework/spring-expression/5.0.8.RELEASE/spring-expression-5.0.8.RELEASE.jar:/Volumes/P0-PROGRAM/00-JAVA-TOOL/03-repository/org/springframework/spring-oxm/5.0.8.RELEASE/spring-oxm-5.0.8.RELEASE.jar:/Volumes/P0-PROGRAM/00-JAVA-TOOL/03-repository/org/springframework/spring-beans/5.0.8.RELEASE/spring-beans-5.0.8.RELEASE.jar:/Volumes/P0-PROGRAM/00-JAVA-TOOL/03-repository/org/springframework/ws/spring-ws-core/3.0.3.RELEASE/spring-ws-core-3.0.3.RELEASE.jar:/Volumes/P0-PROGRAM/00-JAVA-TOOL/03-repository/org/springframework/ws/spring-xml/3.0.3.RELEASE/spring-xml-3.0.3.RELEASE.jar:/Volumes/P0-PROGRAM/00-JAVA-TOOL/03-repository/org/springframework/spring-aop/5.0.8.RELEASE/spring-aop-5.0.8.RELEASE.jar:/Volumes/P0-PROGRAM/00-JAVA-TOOL/03-repository/commons-io/commons-io/2.5/commons-io-2.5.jar:/Volumes/P0-PROGRAM/00-JAVA-TOOL/03-repository/org/springframework/boot/spring-boot-starter-test/2.0.4.RELEASE/spring-boot-starter-test-2.0.4.RELEASE.jar:/Volumes/P0-PROGRAM/00-JAVA-TOOL/03-repository/org/springframework/boot/spring-boot-test/2.0.4.RELEASE/spring-boot-test-2.0.4.RELEASE.jar:/Volumes/P0-PROGRAM/00-JAVA-TOOL/03-repository/org/springframework/boot/spring-boot-test-autoconfigure/2.0.4.RELEASE/spring-boot-test-autoconfigure-2.0.4.RELEASE.jar:/Volumes/P0-PROGRAM/00-JAVA-TOOL/03-repository/com/jayway/jsonpath/json-path/2.4.0/json-path-2.4.0.jar:/Volumes/P0-PROGRAM/00-JAVA-TOOL/03-repository/net/minidev/json-smart/2.3/json-smart-2.3.jar:/Volumes/P0-PROGRAM/00-JAVA-TOOL/03-repository/net/minidev/accessors-smart/1.2/accessors-smart-1.2.jar:/Volumes/P0-PROGRAM/00-JAVA-TOOL/03-repository/org/ow2/asm/asm/5.0.4/asm-5.0.4.jar:/Volumes/P0-PROGRAM/00-JAVA-TOOL/03-repository/org/slf4j/slf4j-api/1.7.25/slf4j-api-1.7.25.jar:/Volumes/P0-PROGRAM/00-JAVA-TOOL/03-repository/junit/junit/4.12/junit-4.12.jar:/Volumes/P0-PROGRAM/00-JAVA-TOOL/03-repository/org/assertj/assertj-core/3.9.1/assertj-core-3.9.1.jar:/Volumes/P0-PROGRAM/00-JAVA-TOOL/03-repository/org/mockito/mockito-core/2.15.0/mockito-core-2.15.0.jar:/Volumes/P0-PROGRAM/00-JAVA-TOOL/03-repository/net/bytebuddy/byte-buddy/1.7.11/byte-buddy-1.7.11.jar:/Volumes/P0-PROGRAM/00-JAVA-TOOL/03-repository/net/bytebuddy/byte-buddy-agent/1.7.11/byte-buddy-agent-1.7.11.jar:/Volumes/P0-PROGRAM/00-JAVA-TOOL/03-repository/org/objenesis/objenesis/2.6/objenesis-2.6.jar:/Volumes/P0-PROGRAM/00-JAVA-TOOL/03-repository/org/hamcrest/hamcrest-core/1.3/hamcrest-core-1.3.jar:/Volumes/P0-PROGRAM/00-JAVA-TOOL/03-repository/org/hamcrest/hamcrest-library/1.3/hamcrest-library-1.3.jar:/Volumes/P0-PROGRAM/00-JAVA-TOOL/03-repository/org/skyscreamer/jsonassert/1.5.0/jsonassert-1.5.0.jar:/Volumes/P0-PROGRAM/00-JAVA-TOOL/03-repository/com/vaadin/external/google/android-json/0.0.20131108.vaadin1/android-json-0.0.20131108.vaadin1.jar:/Volumes/P0-PROGRAM/00-JAVA-TOOL/03-repository/org/springframework/spring-core/5.0.8.RELEASE/spring-core-5.0.8.RELEASE.jar:/Volumes/P0-PROGRAM/00-JAVA-TOOL/03-repository/org/springframework/spring-jcl/5.0.8.RELEASE/spring-jcl-5.0.8.RELEASE.jar:/Volumes/P0-PROGRAM/00-JAVA-TOOL/03-repository/org/springframework/spring-test/5.0.8.RELEASE/spring-test-5.0.8.RELEASE.jar:/Volumes/P0-PROGRAM/00-JAVA-TOOL/03-repository/org/xmlunit/xmlunit-core/2.5.1/xmlunit-core-2.5.1.jar:"/>
    <property name="java.vm.vendor" value="&quot;Oracle Corporation&quot;"/>
    <property name="sun.arch.data.model" value="64"/>
    <property name="java.vendor.url" value="http://java.oracle.com/"/>
    <property name="user.timezone" value=""/>
    <property name="java.vm.specification.version" value="10"/>
    <property name="os.name" value="Mac OS X"/>
    <property name="sun.java.launcher" value="SUN_STANDARD"/>
    <property name="user.country" value="VN"/>
    <property name="sun.boot.library.path" value="/Library/Java/JavaVirtualMachines/jdk-10.0.1.jdk/Contents/Home/lib"/>
    <property name="sun.java.command" value="/Volumes/P0-PROGRAM/05.STUDY/05.OpenShift/workspace/demo-spring-boot/target/surefire/surefirebooter3737587475948667715.jar /Volumes/P0-PROGRAM/05.STUDY/05.OpenShift/workspace/demo-spring-boot/target/surefire 2018-08-07T19-07-45_213-jvmRun1 surefire5426055183994871673tmp surefire_02482376034442687676tmp"/>
    <property name="http.nonProxyHosts" value="local|*.local|169.254/16|*.169.254/16"/>
    <property name="jdk.debug" value="release"/>
    <property name="surefire.test.class.path" value="/Volumes/P0-PROGRAM/05.STUDY/05.OpenShift/workspace/demo-spring-boot/target/test-classes:/Volumes/P0-PROGRAM/05.STUDY/05.OpenShift/workspace/demo-spring-boot/target/classes:/Volumes/P0-PROGRAM/00-JAVA-TOOL/03-repository/org/springframework/boot/spring-boot-starter-web-services/2.0.4.RELEASE/spring-boot-starter-web-services-2.0.4.RELEASE.jar:/Volumes/P0-PROGRAM/00-JAVA-TOOL/03-repository/org/springframework/boot/spring-boot-starter/2.0.4.RELEASE/spring-boot-starter-2.0.4.RELEASE.jar:/Volumes/P0-PROGRAM/00-JAVA-TOOL/03-repository/org/springframework/boot/spring-boot/2.0.4.RELEASE/spring-boot-2.0.4.RELEASE.jar:/Volumes/P0-PROGRAM/00-JAVA-TOOL/03-repository/org/springframework/spring-context/5.0.8.RELEASE/spring-context-5.0.8.RELEASE.jar:/Volumes/P0-PROGRAM/00-JAVA-TOOL/03-repository/org/springframework/boot/spring-boot-autoconfigure/2.0.4.RELEASE/spring-boot-autoconfigure-2.0.4.RELEASE.jar:/Volumes/P0-PROGRAM/00-JAVA-TOOL/03-repository/org/springframework/boot/spring-boot-starter-logging/2.0.4.RELEASE/spring-boot-starter-logging-2.0.4.RELEASE.jar:/Volumes/P0-PROGRAM/00-JAVA-TOOL/03-repository/ch/qos/logback/logback-classic/1.2.3/logback-classic-1.2.3.jar:/Volumes/P0-PROGRAM/00-JAVA-TOOL/03-repository/ch/qos/logback/logback-core/1.2.3/logback-core-1.2.3.jar:/Volumes/P0-PROGRAM/00-JAVA-TOOL/03-repository/org/apache/logging/log4j/log4j-to-slf4j/2.10.0/log4j-to-slf4j-2.10.0.jar:/Volumes/P0-PROGRAM/00-JAVA-TOOL/03-repository/org/apache/logging/log4j/log4j-api/2.10.0/log4j-api-2.10.0.jar:/Volumes/P0-PROGRAM/00-JAVA-TOOL/03-repository/org/slf4j/jul-to-slf4j/1.7.25/jul-to-slf4j-1.7.25.jar:/Volumes/P0-PROGRAM/00-JAVA-TOOL/03-repository/javax/annotation/javax.annotation-api/1.3.2/javax.annotation-api-1.3.2.jar:/Volumes/P0-PROGRAM/00-JAVA-TOOL/03-repository/org/yaml/snakeyaml/1.19/snakeyaml-1.19.jar:/Volumes/P0-PROGRAM/00-JAVA-TOOL/03-repository/org/springframework/boot/spring-boot-starter-web/2.0.4.RELEASE/spring-boot-starter-web-2.0.4.RELEASE.jar:/Volumes/P0-PROGRAM/00-JAVA-TOOL/03-repository/org/springframework/boot/spring-boot-starter-json/2.0.4.RELEASE/spring-boot-starter-json-2.0.4.RELEASE.jar:/Volumes/P0-PROGRAM/00-JAVA-TOOL/03-repository/com/fasterxml/jackson/core/jackson-databind/2.9.6/jackson-databind-2.9.6.jar:/Volumes/P0-PROGRAM/00-JAVA-TOOL/03-repository/com/fasterxml/jackson/core/jackson-annotations/2.9.0/jackson-annotations-2.9.0.jar:/Volumes/P0-PROGRAM/00-JAVA-TOOL/03-repository/com/fasterxml/jackson/core/jackson-core/2.9.6/jackson-core-2.9.6.jar:/Volumes/P0-PROGRAM/00-JAVA-TOOL/03-repository/com/fasterxml/jackson/datatype/jackson-datatype-jdk8/2.9.6/jackson-datatype-jdk8-2.9.6.jar:/Volumes/P0-PROGRAM/00-JAVA-TOOL/03-repository/com/fasterxml/jackson/datatype/jackson-datatype-jsr310/2.9.6/jackson-datatype-jsr310-2.9.6.jar:/Volumes/P0-PROGRAM/00-JAVA-TOOL/03-repository/com/fasterxml/jackson/module/jackson-module-parameter-names/2.9.6/jackson-module-parameter-names-2.9.6.jar:/Volumes/P0-PROGRAM/00-JAVA-TOOL/03-repository/org/springframework/boot/spring-boot-starter-tomcat/2.0.4.RELEASE/spring-boot-starter-tomcat-2.0.4.RELEASE.jar:/Volumes/P0-PROGRAM/00-JAVA-TOOL/03-repository/org/apache/tomcat/embed/tomcat-embed-core/8.5.32/tomcat-embed-core-8.5.32.jar:/Volumes/P0-PROGRAM/00-JAVA-TOOL/03-repository/org/apache/tomcat/embed/tomcat-embed-el/8.5.32/tomcat-embed-el-8.5.32.jar:/Volumes/P0-PROGRAM/00-JAVA-TOOL/03-repository/org/apache/tomcat/embed/tomcat-embed-websocket/8.5.32/tomcat-embed-websocket-8.5.32.jar:/Volumes/P0-PROGRAM/00-JAVA-TOOL/03-repository/org/hibernate/validator/hibernate-validator/6.0.11.Final/hibernate-validator-6.0.11.Final.jar:/Volumes/P0-PROGRAM/00-JAVA-TOOL/03-repository/javax/validation/validation-api/2.0.1.Final/validation-api-2.0.1.Final.jar:/Volumes/P0-PROGRAM/00-JAVA-TOOL/03-repository/org/jboss/logging/jboss-logging/3.3.2.Final/jboss-logging-3.3.2.Final.jar:/Volumes/P0-PROGRAM/00-JAVA-TOOL/03-repository/com/fasterxml/classmate/1.3.4/classmate-1.3.4.jar:/Volumes/P0-PROGRAM/00-JAVA-TOOL/03-repository/org/springframework/spring-web/5.0.8.RELEASE/spring-web-5.0.8.RELEASE.jar:/Volumes/P0-PROGRAM/00-JAVA-TOOL/03-repository/org/springframework/spring-webmvc/5.0.8.RELEASE/spring-webmvc-5.0.8.RELEASE.jar:/Volumes/P0-PROGRAM/00-JAVA-TOOL/03-repository/org/springframework/spring-expression/5.0.8.RELEASE/spring-expression-5.0.8.RELEASE.jar:/Volumes/P0-PROGRAM/00-JAVA-TOOL/03-repository/org/springframework/spring-oxm/5.0.8.RELEASE/spring-oxm-5.0.8.RELEASE.jar:/Volumes/P0-PROGRAM/00-JAVA-TOOL/03-repository/org/springframework/spring-beans/5.0.8.RELEASE/spring-beans-5.0.8.RELEASE.jar:/Volumes/P0-PROGRAM/00-JAVA-TOOL/03-repository/org/springframework/ws/spring-ws-core/3.0.3.RELEASE/spring-ws-core-3.0.3.RELEASE.jar:/Volumes/P0-PROGRAM/00-JAVA-TOOL/03-repository/org/springframework/ws/spring-xml/3.0.3.RELEASE/spring-xml-3.0.3.RELEASE.jar:/Volumes/P0-PROGRAM/00-JAVA-TOOL/03-repository/org/springframework/spring-aop/5.0.8.RELEASE/spring-aop-5.0.8.RELEASE.jar:/Volumes/P0-PROGRAM/00-JAVA-TOOL/03-repository/commons-io/commons-io/2.5/commons-io-2.5.jar:/Volumes/P0-PROGRAM/00-JAVA-TOOL/03-repository/org/springframework/boot/spring-boot-starter-test/2.0.4.RELEASE/spring-boot-starter-test-2.0.4.RELEASE.jar:/Volumes/P0-PROGRAM/00-JAVA-TOOL/03-repository/org/springframework/boot/spring-boot-test/2.0.4.RELEASE/spring-boot-test-2.0.4.RELEASE.jar:/Volumes/P0-PROGRAM/00-JAVA-TOOL/03-repository/org/springframework/boot/spring-boot-test-autoconfigure/2.0.4.RELEASE/spring-boot-test-autoconfigure-2.0.4.RELEASE.jar:/Volumes/P0-PROGRAM/00-JAVA-TOOL/03-repository/com/jayway/jsonpath/json-path/2.4.0/json-path-2.4.0.jar:/Volumes/P0-PROGRAM/00-JAVA-TOOL/03-repository/net/minidev/json-smart/2.3/json-smart-2.3.jar:/Volumes/P0-PROGRAM/00-JAVA-TOOL/03-repository/net/minidev/accessors-smart/1.2/accessors-smart-1.2.jar:/Volumes/P0-PROGRAM/00-JAVA-TOOL/03-repository/org/ow2/asm/asm/5.0.4/asm-5.0.4.jar:/Volumes/P0-PROGRAM/00-JAVA-TOOL/03-repository/org/slf4j/slf4j-api/1.7.25/slf4j-api-1.7.25.jar:/Volumes/P0-PROGRAM/00-JAVA-TOOL/03-repository/junit/junit/4.12/junit-4.12.jar:/Volumes/P0-PROGRAM/00-JAVA-TOOL/03-repository/org/assertj/assertj-core/3.9.1/assertj-core-3.9.1.jar:/Volumes/P0-PROGRAM/00-JAVA-TOOL/03-repository/org/mockito/mockito-core/2.15.0/mockito-core-2.15.0.jar:/Volumes/P0-PROGRAM/00-JAVA-TOOL/03-repository/net/bytebuddy/byte-buddy/1.7.11/byte-buddy-1.7.11.jar:/Volumes/P0-PROGRAM/00-JAVA-TOOL/03-repository/net/bytebuddy/byte-buddy-agent/1.7.11/byte-buddy-agent-1.7.11.jar:/Volumes/P0-PROGRAM/00-JAVA-TOOL/03-repository/org/objenesis/objenesis/2.6/objenesis-2.6.jar:/Volumes/P0-PROGRAM/00-JAVA-TOOL/03-repository/org/hamcrest/hamcrest-core/1.3/hamcrest-core-1.3.jar:/Volumes/P0-PROGRAM/00-JAVA-TOOL/03-repository/org/hamcrest/hamcrest-library/1.3/hamcrest-library-1.3.jar:/Volumes/P0-PROGRAM/00-JAVA-TOOL/03-repository/org/skyscreamer/jsonassert/1.5.0/jsonassert-1.5.0.jar:/Volumes/P0-PROGRAM/00-JAVA-TOOL/03-repository/com/vaadin/external/google/android-json/0.0.20131108.vaadin1/android-json-0.0.20131108.vaadin1.jar:/Volumes/P0-PROGRAM/00-JAVA-TOOL/03-repository/org/springframework/spring-core/5.0.8.RELEASE/spring-core-5.0.8.RELEASE.jar:/Volumes/P0-PROGRAM/00-JAVA-TOOL/03-repository/org/springframework/spring-jcl/5.0.8.RELEASE/spring-jcl-5.0.8.RELEASE.jar:/Volumes/P0-PROGRAM/00-JAVA-TOOL/03-repository/org/springframework/spring-test/5.0.8.RELEASE/spring-test-5.0.8.RELEASE.jar:/Volumes/P0-PROGRAM/00-JAVA-TOOL/03-repository/org/xmlunit/xmlunit-core/2.5.1/xmlunit-core-2.5.1.jar:"/>
    <property name="sun.cpu.endian" value="little"/>
    <property name="user.home" value="/Users/thanhnc"/>
    <property name="user.language" value="en"/>
    <property name="java.specification.vendor" value="Oracle Corporation"/>
    <property name="java.version.date" value="2018-04-17"/>
    <property name="java.home" value="/Library/Java/JavaVirtualMachines/jdk-10.0.1.jdk/Contents/Home"/>
    <property name="file.separator" value="/"/>
    <property name="basedir" value="/Volumes/P0-PROGRAM/05.STUDY/05.OpenShift/workspace/demo-spring-boot"/>
    <property name="java.vm.compressedOopsMode" value="Zero based"/>
    <property name="line.separator" value="&#10;"/>
    <property name="java.specification.name" value="Java Platform API Specification"/>
    <property name="java.vm.specification.vendor" value="Oracle Corporation"/>
    <property name="java.awt.graphicsenv" value="sun.awt.CGraphicsEnvironment"/>
    <property name="surefire.real.class.path" value="/Volumes/P0-PROGRAM/05.STUDY/05.OpenShift/workspace/demo-spring-boot/target/surefire/surefirebooter3737587475948667715.jar"/>
    <property name="sun.management.compiler" value="HotSpot 64-Bit Tiered Compilers"/>
    <property name="ftp.nonProxyHosts" value="local|*.local|169.254/16|*.169.254/16"/>
    <property name="java.runtime.version" value="10.0.1+10"/>
    <property name="user.name" value="thanhnc"/>
    <property name="path.separator" value=":"/>
    <property name="os.version" value="10.12.1"/>
    <property name="java.runtime.name" value="Java(TM) SE Runtime Environment"/>
    <property name="file.encoding" value="UTF-8"/>
    <property name="java.vm.name" value="Java HotSpot(TM) 64-Bit Server VM"/>
    <property name="java.vendor.version" value="18.3"/>
    <property name="localRepository" value="/Volumes/P0-PROGRAM/00-JAVA-TOOL/03-repository"/>
    <property name="java.vendor.url.bug" value="http://bugreport.java.com/bugreport/"/>
    <property name="java.io.tmpdir" value="/var/folders/mx/qw6t1k1j1xq40qqm8lnpcc7m0000gp/T/"/>
    <property name="java.version" value="10.0.1"/>
    <property name="user.dir" value="/Volumes/P0-PROGRAM/05.STUDY/05.OpenShift/workspace/demo-spring-boot"/>
    <property name="os.arch" value="x86_64"/>
    <property name="java.vm.specification.name" value="Java Virtual Machine Specification"/>
    <property name="java.awt.printerjob" value="sun.lwawt.macosx.CPrinterJob"/>
    <property name="sun.os.patch.level" value="unknown"/>
    <property name="java.library.path" value="/Users/thanhnc/Library/Java/Extensions:/Library/Java/Extensions:/Network/Library/Java/Extensions:/System/Library/Java/Extensions:/usr/lib/java:."/>
    <property name="java.vendor" value="Oracle Corporation"/>
    <property name="java.vm.info" value="mixed mode"/>
    <property name="java.vm.version" value="10.0.1+10"/>
    <property name="sun.io.unicode.encoding" value="UnicodeBig"/>
    <property name="java.class.version" value="54.0"/>
    <property name="socksNonProxyHosts" value="local|*.local|169.254/16|*.169.254/16"/>
  </properties>
  <testcase name="contextLoads" classname="pro.thanhnc.DemoSpringBootApplicationTests" time="0.099"/>
</testsuite>